z:\not uni\terraingenerator\terraingenerator\debug\vc141.pdb
z:\not uni\terraingenerator\terraingenerator\debug\vc141.idb
z:\not uni\terraingenerator\terraingenerator\debug\glutcallbacks.obj
z:\not uni\terraingenerator\terraingenerator\debug\main.obj
z:\not uni\terraingenerator\terraingenerator\debug\maingame.obj
z:\not uni\terraingenerator\terraingenerator\debug\camera.obj
z:\not uni\terraingenerator\debug\terraingenerator.exe
z:\not uni\terraingenerator\debug\terraingenerator.ilk
z:\not uni\terraingenerator\debug\terraingenerator.pdb
f:\not uni\terraingenerator\terraingenerator\debug\camera.obj
f:\not uni\terraingenerator\terraingenerator\debug\glutcallbacks.obj
f:\not uni\terraingenerator\terraingenerator\debug\main.obj
f:\not uni\terraingenerator\terraingenerator\debug\maingame.obj
f:\not uni\terraingenerator\terraingenerator\debug\perlinnoise.obj
f:\not uni\terraingenerator\terraingenerator\debug\maingame.obj.enc
f:\not uni\terraingenerator\terraingenerator\debug\perlinnoise.obj.enc
f:\not uni\terraingenerator\terraingenerator\debug\vc141.idb
f:\not uni\terraingenerator\terraingenerator\debug\vc141.pdb
f:\not uni\terraingenerator\debug\terraingenerator.pdb
f:\not uni\terraingenerator\debug\terraingenerator.exe
f:\not uni\terraingenerator\debug\terraingenerator.ilk
f:\not uni\terraingenerator\terraingenerator\debug\terraingenerator.tlog\cl.command.1.tlog
f:\not uni\terraingenerator\terraingenerator\debug\terraingenerator.tlog\cl.read.1.tlog
f:\not uni\terraingenerator\terraingenerator\debug\terraingenerator.tlog\cl.write.1.tlog
f:\not uni\terraingenerator\terraingenerator\debug\terraingenerator.tlog\link.command.1.tlog
f:\not uni\terraingenerator\terraingenerator\debug\terraingenerator.tlog\link.read.1.tlog
f:\not uni\terraingenerator\terraingenerator\debug\terraingenerator.tlog\link.write.1.tlog
